time python pytorch-multigpu.py --num-gpus 2
INFO:    underlay of /etc/localtime required more than 50 (94) bind mounts
INFO:    underlay of /usr/bin/nvidia-smi required more than 50 (470) bind mounts

=============
== PyTorch ==
=============

NVIDIA Release 21.12 (build 29870972)
PyTorch Version 1.11.0a0+b6df043

Container image Copyright (c) 2021, NVIDIA CORPORATION & AFFILIATES. All rights reserved.

Copyright (c) 2014-2021 Facebook Inc.
Copyright (c) 2011-2014 Idiap Research Institute (Ronan Collobert)
Copyright (c) 2012-2014 Deepmind Technologies    (Koray Kavukcuoglu)
Copyright (c) 2011-2012 NEC Laboratories America (Koray Kavukcuoglu)
Copyright (c) 2011-2013 NYU                      (Clement Farabet)
Copyright (c) 2006-2010 NEC Laboratories America (Ronan Collobert, Leon Bottou, Iain Melvin, Jason Weston)
Copyright (c) 2006      Idiap Research Institute (Samy Bengio)
Copyright (c) 2001-2004 Idiap Research Institute (Ronan Collobert, Samy Bengio, Johnny Mariethoz)
Copyright (c) 2015      Google Inc.
Copyright (c) 2015      Yangqing Jia
Copyright (c) 2013-2016 The Caffe contributors
All rights reserved.

NVIDIA Deep Learning Profiler (dlprof) Copyright (c) 2021, NVIDIA CORPORATION & AFFILIATES.  All rights reserved.

Various files include modifications (c) NVIDIA CORPORATION & AFFILIATES.  All rights reserved.

This container image and its contents are governed by the NVIDIA Deep Learning Container License.
By pulling and using the container, you accept the terms and conditions of this license:
https://developer.nvidia.com/ngc/nvidia-deep-learning-container-license

Files already downloaded and verified
Files already downloaded and verified
WideResNet(
  (input_block): cbrblock(
    (cbr): Sequential(
      (0): Conv2d(3, 16, kernel_size=(3, 3), stride=(1, 1), padding=same, bias=False)
      (1): BatchNorm2d(16, eps=1e-05, momentum=0.1, affine=True, track_running_stats=True)
      (2): ReLU()
    )
  )
  (block1): conv_block(
    (scale): Conv2d(16, 160, kernel_size=(1, 1), stride=(1, 1), padding=same)
    (layer1): cbrblock(
      (cbr): Sequential(
        (0): Conv2d(16, 160, kernel_size=(3, 3), stride=(1, 1), padding=same, bias=False)
        (1): BatchNorm2d(160, eps=1e-05, momentum=0.1, affine=True, track_running_stats=True)
        (2): ReLU()
      )
    )
    (dropout): Dropout(p=0.01, inplace=False)
    (layer2): cbrblock(
      (cbr): Sequential(
        (0): Conv2d(160, 160, kernel_size=(3, 3), stride=(1, 1), padding=same, bias=False)
        (1): BatchNorm2d(160, eps=1e-05, momentum=0.1, affine=True, track_running_stats=True)
        (2): ReLU()
      )
    )
  )
  (block2): conv_block(
    (layer1): cbrblock(
      (cbr): Sequential(
        (0): Conv2d(160, 160, kernel_size=(3, 3), stride=(1, 1), padding=same, bias=False)
        (1): BatchNorm2d(160, eps=1e-05, momentum=0.1, affine=True, track_running_stats=True)
        (2): ReLU()
      )
    )
    (dropout): Dropout(p=0.01, inplace=False)
    (layer2): cbrblock(
      (cbr): Sequential(
        (0): Conv2d(160, 160, kernel_size=(3, 3), stride=(1, 1), padding=same, bias=False)
        (1): BatchNorm2d(160, eps=1e-05, momentum=0.1, affine=True, track_running_stats=True)
        (2): ReLU()
      )
    )
  )
  (pool1): MaxPool2d(kernel_size=2, stride=2, padding=0, dilation=1, ceil_mode=False)
  (block3): conv_block(
    (scale): Conv2d(160, 320, kernel_size=(1, 1), stride=(1, 1), padding=same)
    (layer1): cbrblock(
      (cbr): Sequential(
        (0): Conv2d(160, 320, kernel_size=(3, 3), stride=(1, 1), padding=same, bias=False)
        (1): BatchNorm2d(320, eps=1e-05, momentum=0.1, affine=True, track_running_stats=True)
        (2): ReLU()
      )
    )
    (dropout): Dropout(p=0.01, inplace=False)
    (layer2): cbrblock(
      (cbr): Sequential(
        (0): Conv2d(320, 320, kernel_size=(3, 3), stride=(1, 1), padding=same, bias=False)
        (1): BatchNorm2d(320, eps=1e-05, momentum=0.1, affine=True, track_running_stats=True)
        (2): ReLU()
      )
    )
  )
  (block4): conv_block(
    (layer1): cbrblock(
      (cbr): Sequential(
        (0): Conv2d(320, 320, kernel_size=(3, 3), stride=(1, 1), padding=same, bias=False)
        (1): BatchNorm2d(320, eps=1e-05, momentum=0.1, affine=True, track_running_stats=True)
        (2): ReLU()
      )
    )
    (dropout): Dropout(p=0.01, inplace=False)
    (layer2): cbrblock(
      (cbr): Sequential(
        (0): Conv2d(320, 320, kernel_size=(3, 3), stride=(1, 1), padding=same, bias=False)
        (1): BatchNorm2d(320, eps=1e-05, momentum=0.1, affine=True, track_running_stats=True)
        (2): ReLU()
      )
    )
  )
  (pool2): MaxPool2d(kernel_size=2, stride=2, padding=0, dilation=1, ceil_mode=False)
  (block5): conv_block(
    (scale): Conv2d(320, 640, kernel_size=(1, 1), stride=(1, 1), padding=same)
    (layer1): cbrblock(
      (cbr): Sequential(
        (0): Conv2d(320, 640, kernel_size=(3, 3), stride=(1, 1), padding=same, bias=False)
        (1): BatchNorm2d(640, eps=1e-05, momentum=0.1, affine=True, track_running_stats=True)
        (2): ReLU()
      )
    )
    (dropout): Dropout(p=0.01, inplace=False)
    (layer2): cbrblock(
      (cbr): Sequential(
        (0): Conv2d(640, 640, kernel_size=(3, 3), stride=(1, 1), padding=same, bias=False)
        (1): BatchNorm2d(640, eps=1e-05, momentum=0.1, affine=True, track_running_stats=True)
        (2): ReLU()
      )
    )
  )
  (block6): conv_block(
    (layer1): cbrblock(
      (cbr): Sequential(
        (0): Conv2d(640, 640, kernel_size=(3, 3), stride=(1, 1), padding=same, bias=False)
        (1): BatchNorm2d(640, eps=1e-05, momentum=0.1, affine=True, track_running_stats=True)
        (2): ReLU()
      )
    )
    (dropout): Dropout(p=0.01, inplace=False)
    (layer2): cbrblock(
      (cbr): Sequential(
        (0): Conv2d(640, 640, kernel_size=(3, 3), stride=(1, 1), padding=same, bias=False)
        (1): BatchNorm2d(640, eps=1e-05, momentum=0.1, affine=True, track_running_stats=True)
        (2): ReLU()
      )
    )
  )
  (pool): AvgPool2d(kernel_size=7, stride=7, padding=0)
  (flat): Flatten(start_dim=1, end_dim=-1)
  (fc): Linear(in_features=640, out_features=10, bias=True)
)

 Total # of parameters:  17117754

Files already downloaded and verified
Files already downloaded and verified
WideResNet(
  (input_block): cbrblock(
    (cbr): Sequential(
      (0): Conv2d(3, 16, kernel_size=(3, 3), stride=(1, 1), padding=same, bias=False)
      (1): BatchNorm2d(16, eps=1e-05, momentum=0.1, affine=True, track_running_stats=True)
      (2): ReLU()
    )
  )
  (block1): conv_block(
    (scale): Conv2d(16, 160, kernel_size=(1, 1), stride=(1, 1), padding=same)
    (layer1): cbrblock(
      (cbr): Sequential(
        (0): Conv2d(16, 160, kernel_size=(3, 3), stride=(1, 1), padding=same, bias=False)
        (1): BatchNorm2d(160, eps=1e-05, momentum=0.1, affine=True, track_running_stats=True)
        (2): ReLU()
      )
    )
    (dropout): Dropout(p=0.01, inplace=False)
    (layer2): cbrblock(
      (cbr): Sequential(
        (0): Conv2d(160, 160, kernel_size=(3, 3), stride=(1, 1), padding=same, bias=False)
        (1): BatchNorm2d(160, eps=1e-05, momentum=0.1, affine=True, track_running_stats=True)
        (2): ReLU()
      )
    )
  )
  (block2): conv_block(
    (layer1): cbrblock(
      (cbr): Sequential(
        (0): Conv2d(160, 160, kernel_size=(3, 3), stride=(1, 1), padding=same, bias=False)
        (1): BatchNorm2d(160, eps=1e-05, momentum=0.1, affine=True, track_running_stats=True)
        (2): ReLU()
      )
    )
    (dropout): Dropout(p=0.01, inplace=False)
    (layer2): cbrblock(
      (cbr): Sequential(
        (0): Conv2d(160, 160, kernel_size=(3, 3), stride=(1, 1), padding=same, bias=False)
        (1): BatchNorm2d(160, eps=1e-05, momentum=0.1, affine=True, track_running_stats=True)
        (2): ReLU()
      )
    )
  )
  (pool1): MaxPool2d(kernel_size=2, stride=2, padding=0, dilation=1, ceil_mode=False)
  (block3): conv_block(
    (scale): Conv2d(160, 320, kernel_size=(1, 1), stride=(1, 1), padding=same)
    (layer1): cbrblock(
      (cbr): Sequential(
        (0): Conv2d(160, 320, kernel_size=(3, 3), stride=(1, 1), padding=same, bias=False)
        (1): BatchNorm2d(320, eps=1e-05, momentum=0.1, affine=True, track_running_stats=True)
        (2): ReLU()
      )
    )
    (dropout): Dropout(p=0.01, inplace=False)
    (layer2): cbrblock(
      (cbr): Sequential(
        (0): Conv2d(320, 320, kernel_size=(3, 3), stride=(1, 1), padding=same, bias=False)
        (1): BatchNorm2d(320, eps=1e-05, momentum=0.1, affine=True, track_running_stats=True)
        (2): ReLU()
      )
    )
  )
  (block4): conv_block(
    (layer1): cbrblock(
      (cbr): Sequential(
        (0): Conv2d(320, 320, kernel_size=(3, 3), stride=(1, 1), padding=same, bias=False)
        (1): BatchNorm2d(320, eps=1e-05, momentum=0.1, affine=True, track_running_stats=True)
        (2): ReLU()
      )
    )
    (dropout): Dropout(p=0.01, inplace=False)
    (layer2): cbrblock(
      (cbr): Sequential(
        (0): Conv2d(320, 320, kernel_size=(3, 3), stride=(1, 1), padding=same, bias=False)
        (1): BatchNorm2d(320, eps=1e-05, momentum=0.1, affine=True, track_running_stats=True)
        (2): ReLU()
      )
    )
  )
  (pool2): MaxPool2d(kernel_size=2, stride=2, padding=0, dilation=1, ceil_mode=False)
  (block5): conv_block(
    (scale): Conv2d(320, 640, kernel_size=(1, 1), stride=(1, 1), padding=same)
    (layer1): cbrblock(
      (cbr): Sequential(
        (0): Conv2d(320, 640, kernel_size=(3, 3), stride=(1, 1), padding=same, bias=False)
        (1): BatchNorm2d(640, eps=1e-05, momentum=0.1, affine=True, track_running_stats=True)
        (2): ReLU()
      )
    )
    (dropout): Dropout(p=0.01, inplace=False)
    (layer2): cbrblock(
      (cbr): Sequential(
        (0): Conv2d(640, 640, kernel_size=(3, 3), stride=(1, 1), padding=same, bias=False)
        (1): BatchNorm2d(640, eps=1e-05, momentum=0.1, affine=True, track_running_stats=True)
        (2): ReLU()
      )
    )
  )
  (block6): conv_block(
    (layer1): cbrblock(
      (cbr): Sequential(
        (0): Conv2d(640, 640, kernel_size=(3, 3), stride=(1, 1), padding=same, bias=False)
        (1): BatchNorm2d(640, eps=1e-05, momentum=0.1, affine=True, track_running_stats=True)
        (2): ReLU()
      )
    )
    (dropout): Dropout(p=0.01, inplace=False)
    (layer2): cbrblock(
      (cbr): Sequential(
        (0): Conv2d(640, 640, kernel_size=(3, 3), stride=(1, 1), padding=same, bias=False)
        (1): BatchNorm2d(640, eps=1e-05, momentum=0.1, affine=True, track_running_stats=True)
        (2): ReLU()
      )
    )
  )
  (pool): AvgPool2d(kernel_size=7, stride=7, padding=0)
  (flat): Flatten(start_dim=1, end_dim=-1)
  (fc): Linear(in_features=640, out_features=10, bias=True)
)

 Total # of parameters:  17117754

Epoch =  1: Cumulative Time = 40.607, Epoch Time = 40.607, Images/sec = 1350.160888671875, Training Accuracy = 0.487, Validation Loss = 1.069, Validation Accuracy = 0.621
Epoch =  2: Cumulative Time = 70.844, Epoch Time = 30.237, Images/sec = 1652.9036865234375, Training Accuracy = 0.677, Validation Loss = 0.765, Validation Accuracy = 0.738
Epoch =  3: Cumulative Time = 101.166, Epoch Time = 30.323, Images/sec = 1648.3951416015625, Training Accuracy = 0.741, Validation Loss = 0.607, Validation Accuracy = 0.792
Epoch =  4: Cumulative Time = 131.471, Epoch Time = 30.305, Images/sec = 1649.3583984375, Training Accuracy = 0.773, Validation Loss = 0.574, Validation Accuracy = 0.810
Epoch =  5: Cumulative Time = 161.709, Epoch Time = 30.238, Images/sec = 1653.0361328125, Training Accuracy = 0.802, Validation Loss = 0.519, Validation Accuracy = 0.822
Epoch =  6: Cumulative Time = 192.056, Epoch Time = 30.347, Images/sec = 1647.0537109375, Training Accuracy = 0.820, Validation Loss = 0.505, Validation Accuracy = 0.824
Epoch =  7: Cumulative Time = 222.390, Epoch Time = 30.333, Images/sec = 1647.816650390625, Training Accuracy = 0.834, Validation Loss = 0.429, Validation Accuracy = 0.853
Epoch =  8: Cumulative Time = 252.706, Epoch Time = 30.316, Images/sec = 1648.760986328125, Training Accuracy = 0.848, Validation Loss = 0.380, Validation Accuracy = 0.865
Early stopping after epoch 8
Early stopping after epoch 8

real    4m39.008s
user    9m12.440s
sys     0m51.881s

